MainActivity/mainActivity/build/outputs/logs/manifest-merger-debug-report.txt
-- Merging decision tree log ---
manifest
ADDED from src/main/AndroidManifest.xml:2:1-252:12
	package
		ADDED from src/main/AndroidManifest.xml:3:5-36
		INJECTED from src/main/AndroidManifest.xml
		INJECTED from src/main/AndroidManifest.xml
	android:versionName
		ADDED from src/main/AndroidManifest.xml:5:5-31
		INJECTED from src/main/AndroidManifest.xml
		INJECTED from src/main/AndroidManifest.xml
	android:versionCode
		ADDED from src/main/AndroidManifest.xml:4:5-29
		INJECTED from src/main/AndroidManifest.xml
		INJECTED from src/main/AndroidManifest.xml
	xmlns:android
		ADDED from src/main/AndroidManifest.xml:2:11-69
uses-sdk
ADDED from src/main/AndroidManifest.xml:8:5-44
MERGED from [MainActivity:openCVLibrary300:unspecified] AndroidManifest.xml:7:5-9:40
MERGED from [com.android.support:support-v4:21.0.3] AndroidManifest.xml:15:5-42
	android:targetSdkVersion
		INJECTED from src/main/AndroidManifest.xml
		INJECTED from src/main/AndroidManifest.xml
	android:minSdkVersion
		ADDED from src/main/AndroidManifest.xml:8:15-41
		INJECTED from src/main/AndroidManifest.xml
		INJECTED from src/main/AndroidManifest.xml
uses-feature#android.hardware.camera
ADDED from src/main/AndroidManifest.xml:11:5-60
	android:name
		ADDED from src/main/AndroidManifest.xml:11:19-57
uses-feature#android.hardware.camera.autofocus
ADDED from src/main/AndroidManifest.xml:12:5-70
	android:name
		ADDED from src/main/AndroidManifest.xml:12:19-67
uses-feature#android.hardware.bluetooth_le
ADDED from src/main/AndroidManifest.xml:13:5-15:35
	android:required
		ADDED from src/main/AndroidManifest.xml:15:9-32
	android:name
		ADDED from src/main/AndroidManifest.xml:14:9-53
uses-permission#android.permission.BLUETOOTH
ADDED from src/main/AndroidManifest.xml:17:5-68
	android:name
		ADDED from src/main/AndroidManifest.xml:17:22-65
uses-permission#android.permission.BLUETOOTH_ADMIN
ADDED from src/main/AndroidManifest.xml:18:5-74
	android:name
		ADDED from src/main/AndroidManifest.xml:18:22-71
uses-permission#android.permission.CAMERA
ADDED from src/main/AndroidManifest.xml:19:2-62
	android:name
		ADDED from src/main/AndroidManifest.xml:19:19-59
uses-permission#android.permission.WRITE_EXTERNAL_STORAGE
ADDED from src/main/AndroidManifest.xml:20:5-80
	android:name
		ADDED from src/main/AndroidManifest.xml:20:22-78
uses-permission#android.permission.READ_EXTERNAL_STORAGE
ADDED from src/main/AndroidManifest.xml:21:3-77
	android:name
		ADDED from src/main/AndroidManifest.xml:21:20-75
uses-permission#android.permission.INTERNET
ADDED from src/main/AndroidManifest.xml:22:3-64
	android:name
		ADDED from src/main/AndroidManifest.xml:22:20-62
uses-permission#android.permission.ACCESS_NETWORK_STATE
ADDED from src/main/AndroidManifest.xml:23:3-76
	android:name
		ADDED from src/main/AndroidManifest.xml:23:20-74
uses-permission#android.permission.READ_PHONE_STATE
ADDED from src/main/AndroidManifest.xml:24:3-72
	android:name
		ADDED from src/main/AndroidManifest.xml:24:20-70
uses-permission#android.permission.DOWNLOAD_WITHOUT_NOTIFICATION
ADDED from src/main/AndroidManifest.xml:25:3-86
	android:name
		ADDED from src/main/AndroidManifest.xml:25:20-83
uses-permission#android.permission.VIBRATE
ADDED from src/main/AndroidManifest.xml:26:3-64
	android:name
		ADDED from src/main/AndroidManifest.xml:26:20-61
uses-permission#android.permission.WAKE_LOCK
ADDED from src/main/AndroidManifest.xml:27:5-68
	android:name
		ADDED from src/main/AndroidManifest.xml:27:22-65
uses-permission#android.permission.CALL_PHONE
ADDED from src/main/AndroidManifest.xml:28:5-69
	android:name
		ADDED from src/main/AndroidManifest.xml:28:22-66
uses-permission#android.permission.RECORD_AUDIO
ADDED from src/main/AndroidManifest.xml:29:5-71
	android:name
		ADDED from src/main/AndroidManifest.xml:29:22-68
uses-permission#android.permission.RECEIVE_BOOT_COMPLETED
ADDED from src/main/AndroidManifest.xml:30:5-81
	android:name
		ADDED from src/main/AndroidManifest.xml:30:22-78
supports-screens
ADDED from src/main/AndroidManifest.xml:32:2-37:40
	android:largeScreens
		ADDED from src/main/AndroidManifest.xml:33:9-36
	android:smallScreens
		ADDED from src/main/AndroidManifest.xml:36:9-36
	android:normalScreens
		ADDED from src/main/AndroidManifest.xml:35:9-37
	android:xlargeScreens
		ADDED from src/main/AndroidManifest.xml:37:9-37
	android:largestWidthLimitDp
		ADDED from src/main/AndroidManifest.xml:34:9-42
application
ADDED from src/main/AndroidManifest.xml:39:5-250:19
MERGED from [com.android.support:support-v4:21.0.3] AndroidManifest.xml:16:5-19
	android:label
		ADDED from src/main/AndroidManifest.xml:44:9-41
	android:allowBackup
		ADDED from src/main/AndroidManifest.xml:41:9-35
	android:icon
		ADDED from src/main/AndroidManifest.xml:42:9-40
	android:persistent
		ADDED from src/main/AndroidManifest.xml:43:9-34
	android:theme
		ADDED from src/main/AndroidManifest.xml:44:42-77
	android:name
		ADDED from src/main/AndroidManifest.xml:40:9-48
activity#com.ubicomp.ketdiary.MainActivity
ADDED from src/main/AndroidManifest.xml:45:9-59:20
	android:screenOrientation
		ADDED from src/main/AndroidManifest.xml:50:13-49
	android:label
		ADDED from src/main/AndroidManifest.xml:47:13-45
	android:launchMode
		ADDED from src/main/AndroidManifest.xml:48:13-43
	android:windowSoftInputMode
		ADDED from src/main/AndroidManifest.xml:52:13-54
	android:configChanges
		ADDED from src/main/AndroidManifest.xml:53:13-59
	android:largeHeap
		ADDED from src/main/AndroidManifest.xml:49:13-37
	android:theme
		ADDED from src/main/AndroidManifest.xml:51:13-71
	android:name
		ADDED from src/main/AndroidManifest.xml:46:13-61
intent-filter#android.intent.action.MAIN+android.intent.category.LAUNCHER
ADDED from src/main/AndroidManifest.xml:54:13-58:29
action#android.intent.action.MAIN
ADDED from src/main/AndroidManifest.xml:55:17-69
	android:name
		ADDED from src/main/AndroidManifest.xml:55:25-66
category#android.intent.category.LAUNCHER
ADDED from src/main/AndroidManifest.xml:57:17-77
	android:name
		ADDED from src/main/AndroidManifest.xml:57:27-74
receiver#com.ubicomp.ketdiary.BootBoardcastReceiver
ADDED from src/main/AndroidManifest.xml:61:9-68:20
	android:name
		ADDED from src/main/AndroidManifest.xml:61:19-76
intent-filter#android.intent.action.BOOT_COMPLETED+android.intent.action.EXTERNAL_APPLICATIONS_AVAILABLE+android.intent.action.TIMEZONE_CHANGED+android.intent.action.TIME_SET
ADDED from src/main/AndroidManifest.xml:62:13-67:29
action#android.intent.action.BOOT_COMPLETED
ADDED from src/main/AndroidManifest.xml:63:17-79
	android:name
		ADDED from src/main/AndroidManifest.xml:63:25-76
action#android.intent.action.TIME_SET
ADDED from src/main/AndroidManifest.xml:64:17-73
	android:name
		ADDED from src/main/AndroidManifest.xml:64:25-70
action#android.intent.action.TIMEZONE_CHANGED
ADDED from src/main/AndroidManifest.xml:65:17-81
	android:name
		ADDED from src/main/AndroidManifest.xml:65:25-78
action#android.intent.action.EXTERNAL_APPLICATIONS_AVAILABLE
ADDED from src/main/AndroidManifest.xml:66:17-96
	android:name
		ADDED from src/main/AndroidManifest.xml:66:25-93
receiver#com.ubicomp.ketdiary.NetworkChangeReceiver
ADDED from src/main/AndroidManifest.xml:70:9-77:20
	android:singleUser
		ADDED from src/main/AndroidManifest.xml:72:13-38
	android:name
		ADDED from src/main/AndroidManifest.xml:71:13-70
intent-filter#android.net.conn.CONNECTIVITY_CHANGE+android.net.wifi.STATE_CHANGE
ADDED from src/main/AndroidManifest.xml:73:13-76:29
action#android.net.conn.CONNECTIVITY_CHANGE
ADDED from src/main/AndroidManifest.xml:74:17-79
	android:name
		ADDED from src/main/AndroidManifest.xml:74:25-76
action#android.net.wifi.STATE_CHANGE
ADDED from src/main/AndroidManifest.xml:75:17-72
	android:name
		ADDED from src/main/AndroidManifest.xml:75:25-69
receiver#com.ubicomp.ketdiary.AlarmReceiver
ADDED from src/main/AndroidManifest.xml:79:9-85:20
	android:exported
		ADDED from src/main/AndroidManifest.xml:81:13-37
	android:name
		ADDED from src/main/AndroidManifest.xml:80:13-62
intent-filter#com.android.alarmclock.ALARM_ALERT
ADDED from src/main/AndroidManifest.xml:82:13-84:25
action#com.android.alarmclock.ALARM_ALERT
ADDED from src/main/AndroidManifest.xml:83:17-77
	android:name
		ADDED from src/main/AndroidManifest.xml:83:25-74
service#com.ubicomp.ketdiary.AlarmService
ADDED from src/main/AndroidManifest.xml:86:9-69
	android:name
		ADDED from src/main/AndroidManifest.xml:86:18-66
service#com.ubicomp.ketdiary.UploadService
ADDED from src/main/AndroidManifest.xml:87:9-70
	android:name
		ADDED from src/main/AndroidManifest.xml:87:18-67
service#com.ubicomp.ketdiary.noUse.ResultService
ADDED from src/main/AndroidManifest.xml:88:9-76
	android:name
		ADDED from src/main/AndroidManifest.xml:88:18-73
service#com.ubicomp.ketdiary.noUse.ResultService2
ADDED from src/main/AndroidManifest.xml:89:9-77
	android:name
		ADDED from src/main/AndroidManifest.xml:89:18-74
service#com.ubicomp.ketdiary.ResultService3
ADDED from src/main/AndroidManifest.xml:90:9-98:19
	android:enabled
		ADDED from src/main/AndroidManifest.xml:92:13-35
	android:name
		ADDED from src/main/AndroidManifest.xml:91:13-63
intent-filter#com.ubicomp.ketdiary.ResultService3
ADDED from src/main/AndroidManifest.xml:93:13-97:29
	android:priority
		ADDED from src/main/AndroidManifest.xml:93:28-51
action#com.ubicomp.ketdiary.ResultService3
ADDED from src/main/AndroidManifest.xml:95:17-78
	android:name
		ADDED from src/main/AndroidManifest.xml:95:25-75
service#com.ubicomp.ketdiary.DailyService
ADDED from src/main/AndroidManifest.xml:100:9-69
	android:name
		ADDED from src/main/AndroidManifest.xml:100:18-66
service#com.ubicomp.ketdiary.test.bluetoothle.BluetoothLeService
ADDED from src/main/AndroidManifest.xml:101:9-104:19
	android:enabled
		ADDED from src/main/AndroidManifest.xml:103:13-35
	android:name
		ADDED from src/main/AndroidManifest.xml:102:13-84
service#com.ubicomp.ketdiary.NoteThinkingService
ADDED from src/main/AndroidManifest.xml:106:9-109:19
	android:enabled
		ADDED from src/main/AndroidManifest.xml:108:13-35
	android:name
		ADDED from src/main/AndroidManifest.xml:107:13-68
service#com.ubicomp.ketdiary.test.bluetoothle.BluetoothDataParserService
ADDED from src/main/AndroidManifest.xml:111:9-114:19
	android:enabled
		ADDED from src/main/AndroidManifest.xml:113:13-35
	android:name
		ADDED from src/main/AndroidManifest.xml:112:13-92
service#com.ubicomp.ketdiary.SvmService
ADDED from src/main/AndroidManifest.xml:116:9-119:19
	android:enabled
		ADDED from src/main/AndroidManifest.xml:118:13-35
	android:name
		ADDED from src/main/AndroidManifest.xml:117:13-59
service#com.ubicomp.ketdiary.test.bluetoothle.ImageDetection
ADDED from src/main/AndroidManifest.xml:120:9-123:19
	android:enabled
		ADDED from src/main/AndroidManifest.xml:122:13-35
	android:name
		ADDED from src/main/AndroidManifest.xml:121:13-80
activity#com.ubicomp.ketdiary.InfoActivity
ADDED from src/main/AndroidManifest.xml:126:9-131:20
	android:screenOrientation
		ADDED from src/main/AndroidManifest.xml:130:13-49
	android:label
		ADDED from src/main/AndroidManifest.xml:128:13-56
	android:launchMode
		ADDED from src/main/AndroidManifest.xml:129:13-43
	android:name
		ADDED from src/main/AndroidManifest.xml:127:13-61
activity#com.ubicomp.ketdiary.DevActivity
ADDED from src/main/AndroidManifest.xml:132:9-137:20
	android:screenOrientation
		ADDED from src/main/AndroidManifest.xml:136:13-49
	android:label
		ADDED from src/main/AndroidManifest.xml:134:13-55
	android:launchMode
		ADDED from src/main/AndroidManifest.xml:135:13-43
	android:name
		ADDED from src/main/AndroidManifest.xml:133:13-60
activity#com.ubicomp.ketdiary.noUse.MainActivity2
ADDED from src/main/AndroidManifest.xml:139:9-144:20
	android:screenOrientation
		ADDED from src/main/AndroidManifest.xml:143:13-49
	android:label
		ADDED from src/main/AndroidManifest.xml:141:13-55
	android:launchMode
		ADDED from src/main/AndroidManifest.xml:142:13-43
	android:name
		ADDED from src/main/AndroidManifest.xml:140:13-68
activity#com.ubicomp.ketdiary.NoteActivity
ADDED from src/main/AndroidManifest.xml:145:9-150:20
	android:screenOrientation
		ADDED from src/main/AndroidManifest.xml:149:13-49
	android:label
		ADDED from src/main/AndroidManifest.xml:147:13-55
	android:launchMode
		ADDED from src/main/AndroidManifest.xml:148:13-43
	android:name
		ADDED from src/main/AndroidManifest.xml:146:13-61
activity#com.ubicomp.ketdiary.AboutActivity
ADDED from src/main/AndroidManifest.xml:151:9-157:20
	android:screenOrientation
		ADDED from src/main/AndroidManifest.xml:156:13-49
	android:label
		ADDED from src/main/AndroidManifest.xml:153:13-55
	android:launchMode
		ADDED from src/main/AndroidManifest.xml:155:13-43
	android:theme
		ADDED from src/main/AndroidManifest.xml:154:13-71
	android:name
		ADDED from src/main/AndroidManifest.xml:152:13-62
activity#com.ubicomp.ketdiary.noUse.EventCopeSkillActivity
ADDED from src/main/AndroidManifest.xml:158:9-164:20
	android:screenOrientation
		ADDED from src/main/AndroidManifest.xml:163:13-49
	android:label
		ADDED from src/main/AndroidManifest.xml:160:13-55
	android:launchMode
		ADDED from src/main/AndroidManifest.xml:162:13-43
	android:theme
		ADDED from src/main/AndroidManifest.xml:161:13-60
	android:name
		ADDED from src/main/AndroidManifest.xml:159:13-77
activity#com.ubicomp.ketdiary.PreSettingActivity
ADDED from src/main/AndroidManifest.xml:165:10-171:20
	android:screenOrientation
		ADDED from src/main/AndroidManifest.xml:170:13-49
	android:label
		ADDED from src/main/AndroidManifest.xml:167:13-55
	android:launchMode
		ADDED from src/main/AndroidManifest.xml:169:13-43
	android:theme
		ADDED from src/main/AndroidManifest.xml:168:13-71
	android:name
		ADDED from src/main/AndroidManifest.xml:166:13-67
activity#com.ubicomp.ketdiary.noUse.EmotionActivity
ADDED from src/main/AndroidManifest.xml:172:9-178:20
	android:screenOrientation
		ADDED from src/main/AndroidManifest.xml:177:13-49
	android:label
		ADDED from src/main/AndroidManifest.xml:174:13-55
	android:launchMode
		ADDED from src/main/AndroidManifest.xml:176:13-43
	android:theme
		ADDED from src/main/AndroidManifest.xml:175:13-71
	android:name
		ADDED from src/main/AndroidManifest.xml:173:13-70
activity#com.ubicomp.ketdiary.CopingActivity
ADDED from src/main/AndroidManifest.xml:179:9-185:20
	android:screenOrientation
		ADDED from src/main/AndroidManifest.xml:184:13-49
	android:label
		ADDED from src/main/AndroidManifest.xml:181:13-55
	android:launchMode
		ADDED from src/main/AndroidManifest.xml:183:13-43
	android:theme
		ADDED from src/main/AndroidManifest.xml:182:13-71
	android:name
		ADDED from src/main/AndroidManifest.xml:180:13-63
activity#com.ubicomp.ketdiary.SettingActivity
ADDED from src/main/AndroidManifest.xml:186:9-192:20
	android:screenOrientation
		ADDED from src/main/AndroidManifest.xml:191:13-49
	android:label
		ADDED from src/main/AndroidManifest.xml:188:13-55
	android:launchMode
		ADDED from src/main/AndroidManifest.xml:190:13-43
	android:theme
		ADDED from src/main/AndroidManifest.xml:189:13-71
	android:name
		ADDED from src/main/AndroidManifest.xml:187:13-64
activity#com.ubicomp.ketdiary.HelpActivity
ADDED from src/main/AndroidManifest.xml:193:9-199:20
	android:screenOrientation
		ADDED from src/main/AndroidManifest.xml:198:13-49
	android:label
		ADDED from src/main/AndroidManifest.xml:195:13-55
	android:launchMode
		ADDED from src/main/AndroidManifest.xml:197:13-43
	android:theme
		ADDED from src/main/AndroidManifest.xml:196:13-71
	android:name
		ADDED from src/main/AndroidManifest.xml:194:13-61
activity#com.ubicomp.ketdiary.ModifyActivity
ADDED from src/main/AndroidManifest.xml:200:9-206:20
	android:screenOrientation
		ADDED from src/main/AndroidManifest.xml:205:13-49
	android:label
		ADDED from src/main/AndroidManifest.xml:202:13-55
	android:launchMode
		ADDED from src/main/AndroidManifest.xml:204:13-43
	android:theme
		ADDED from src/main/AndroidManifest.xml:203:13-71
	android:name
		ADDED from src/main/AndroidManifest.xml:201:13-63
activity#com.ubicomp.ketdiary.SelectActivity
ADDED from src/main/AndroidManifest.xml:207:9-213:20
	android:screenOrientation
		ADDED from src/main/AndroidManifest.xml:212:13-49
	android:label
		ADDED from src/main/AndroidManifest.xml:209:13-55
	android:launchMode
		ADDED from src/main/AndroidManifest.xml:211:13-43
	android:theme
		ADDED from src/main/AndroidManifest.xml:210:13-71
	android:name
		ADDED from src/main/AndroidManifest.xml:208:13-63
activity#com.ubicomp.ketdiary.TutorialActivity
ADDED from src/main/AndroidManifest.xml:214:9-220:20
	android:screenOrientation
		ADDED from src/main/AndroidManifest.xml:219:13-49
	android:label
		ADDED from src/main/AndroidManifest.xml:216:13-55
	android:launchMode
		ADDED from src/main/AndroidManifest.xml:218:13-43
	android:theme
		ADDED from src/main/AndroidManifest.xml:217:13-71
	android:name
		ADDED from src/main/AndroidManifest.xml:215:13-65
activity#com.ubicomp.ketdiary.DeveloperActivity
ADDED from src/main/AndroidManifest.xml:221:9-227:20
	android:screenOrientation
		ADDED from src/main/AndroidManifest.xml:226:13-49
	android:label
		ADDED from src/main/AndroidManifest.xml:223:13-55
	android:launchMode
		ADDED from src/main/AndroidManifest.xml:225:13-43
	android:theme
		ADDED from src/main/AndroidManifest.xml:224:13-71
	android:name
		ADDED from src/main/AndroidManifest.xml:222:13-66
activity#com.ubicomp.ketdiary.SalivaActivity
ADDED from src/main/AndroidManifest.xml:228:9-234:20
	android:screenOrientation
		ADDED from src/main/AndroidManifest.xml:233:13-49
	android:label
		ADDED from src/main/AndroidManifest.xml:230:13-55
	android:launchMode
		ADDED from src/main/AndroidManifest.xml:232:13-43
	android:theme
		ADDED from src/main/AndroidManifest.xml:231:13-71
	android:name
		ADDED from src/main/AndroidManifest.xml:229:13-63
activity#com.ubicomp.ketdiary.AppealActivity
ADDED from src/main/AndroidManifest.xml:235:9-241:20
	android:screenOrientation
		ADDED from src/main/AndroidManifest.xml:240:13-50
	android:label
		ADDED from src/main/AndroidManifest.xml:237:13-55
	android:launchMode
		ADDED from src/main/AndroidManifest.xml:239:13-43
	android:theme
		ADDED from src/main/AndroidManifest.xml:238:13-71
	android:name
		ADDED from src/main/AndroidManifest.xml:236:13-63
activity#com.ubicomp.ketdiary.RecordVoiceActivity
ADDED from src/main/AndroidManifest.xml:242:9-248:20
	android:screenOrientation
		ADDED from src/main/AndroidManifest.xml:247:13-49
	android:label
		ADDED from src/main/AndroidManifest.xml:244:13-55
	android:launchMode
		ADDED from src/main/AndroidManifest.xml:246:13-43
	android:theme
		ADDED from src/main/AndroidManifest.xml:245:13-71
	android:name
		ADDED from src/main/AndroidManifest.xml:243:13-68